0 info it worked if it ends with ok
1 verbose cli [ '/home/dan/.nvm/versions/node/v6.2.1/bin/node',
1 verbose cli   '/home/dan/.nvm/versions/node/v6.2.1/bin/npm',
1 verbose cli   'publish' ]
2 info using npm@3.9.3
3 info using node@v6.2.1
4 verbose publish [ '.' ]
5 silly cache add args [ '.', null ]
6 verbose cache add spec .
7 silly cache add parsed spec Result {
7 silly cache add   raw: '.',
7 silly cache add   scope: null,
7 silly cache add   name: null,
7 silly cache add   rawSpec: '.',
7 silly cache add   spec: '/home/dan/Desktop/EDA/project-starter-dan',
7 silly cache add   type: 'directory' }
8 verbose addLocalDirectory /home/dan/.npm/project-starter-dan/1.4.4/package.tgz not in flight; packing
9 verbose correctMkdir /home/dan/.npm correctMkdir not in flight; initializing
10 info lifecycle project-starter-dan@1.4.4~prepublish: project-starter-dan@1.4.4
11 silly lifecycle project-starter-dan@1.4.4~prepublish: no script for prepublish, continuing
12 verbose tar pack [ '/home/dan/.npm/project-starter-dan/1.4.4/package.tgz',
12 verbose tar pack   '/home/dan/Desktop/EDA/project-starter-dan' ]
13 verbose tarball /home/dan/.npm/project-starter-dan/1.4.4/package.tgz
14 verbose folder /home/dan/Desktop/EDA/project-starter-dan
15 verbose addLocalTarball adding from inside cache /home/dan/.npm/project-starter-dan/1.4.4/package.tgz
16 verbose correctMkdir /home/dan/.npm correctMkdir not in flight; initializing
17 silly cache afterAdd project-starter-dan@1.4.4
18 verbose afterAdd /home/dan/.npm/project-starter-dan/1.4.4/package/package.json not in flight; writing
19 verbose correctMkdir /home/dan/.npm correctMkdir not in flight; initializing
20 verbose afterAdd /home/dan/.npm/project-starter-dan/1.4.4/package/package.json written
21 silly publish { name: 'project-starter-dan',
21 silly publish   version: '1.4.4',
21 silly publish   description: 'A project scaffolding tool.',
21 silly publish   main: 'index.js',
21 silly publish   scripts: { start: 'node index.js', test: 'tape test/*.js | tap-spec' },
21 silly publish   engines: { node: '>=6.2.1' },
21 silly publish   repository:
21 silly publish    { type: 'git',
21 silly publish      url: 'git+github.com/danielkermode/project-starter.git' },
21 silly publish   bin: { dank: 'index.js' },
21 silly publish   keywords: [ 'project', 'starter', 'scaffold' ],
21 silly publish   author: { name: 'danielkermode' },
21 silly publish   license: 'MIT',
21 silly publish   dependencies:
21 silly publish    { chalk: '^1.1.3',
21 silly publish      file: '^0.2.2',
21 silly publish      'fs-extra': '^0.30.0',
21 silly publish      inquirer: '^1.1.2',
21 silly publish      'osi-licenses': '^0.1.1' },
21 silly publish   devDependencies:
21 silly publish    { 'dir-compare': '^1.0.1',
21 silly publish      'tap-spec': '^4.1.1',
21 silly publish      tape: '^4.6.0',
21 silly publish      tmp: '0.0.28' },
21 silly publish   readme: '#project-starter-dan\n\n[![Build Status](https://travis-ci.org/danielkermode/project-starter-dan.svg?branch=master)](https://travis-ci.org/danielkermode/project-starter-dan)\n\nA scaffolding tool for building node projects.\n\n```npm i -g project-starter-dan```.\n\nRecommended to use with node >=6.2.1.\n\n```\nusage: dank [template] [yourdirname]\n       dank add <yourdirname>\n       dank config\n\nWithout any arguments, dank will prompt for a template to use.\nWith [template], dank will copy the template into the current dir.\nWith [yourdirname], dank will give the new folder the specified name.\n\nadd <yourdirname> will add your (relative or absolute) dir to the usable templates.\nconfig will walk through a setup that specifies default package.json values.\n\n```\n\nIf you are generating a project, a directory will be created (within the current directory) with the given name.\n\nTemplate is one of:\n\n```barebones-react``` for a basic react setup (webpack dev server with hot reloading).\n\n```react-express``` for react with express (still has webpack with hot reloading).\n\n```fullstack-db``` A full stack setup with react-router, redux bindings, express and knex on the backend with code for a postgres db.\n\n```basic-angular``` A basic Angular 2 setup with Typescript, taken from the tutorial https://angular.io/docs/ts/latest/quickstart.html.\n\nWIP.',
21 silly publish   readmeFilename: 'README.md',
21 silly publish   gitHead: 'c1bcdcff8b4a715bb724584f6bd2a629ba2d269c',
21 silly publish   _id: 'project-starter-dan@1.4.4',
21 silly publish   _shasum: '73ce89fbc2e51cd155c2f29644b512046a244e97',
21 silly publish   _from: '.' }
22 verbose getPublishConfig undefined
23 silly mapToRegistry name project-starter-dan
24 silly mapToRegistry using default registry
25 silly mapToRegistry registry https://registry.npmjs.org/
26 silly mapToRegistry data Result {
26 silly mapToRegistry   raw: 'project-starter-dan',
26 silly mapToRegistry   scope: null,
26 silly mapToRegistry   name: 'project-starter-dan',
26 silly mapToRegistry   rawSpec: '',
26 silly mapToRegistry   spec: 'latest',
26 silly mapToRegistry   type: 'tag' }
27 silly mapToRegistry uri https://registry.npmjs.org/project-starter-dan
28 verbose publish registryBase https://registry.npmjs.org/
29 silly publish uploading /home/dan/.npm/project-starter-dan/1.4.4/package.tgz
30 verbose request uri https://registry.npmjs.org/project-starter-dan
31 verbose request sending authorization for write operation
32 info attempt registry request try #1 at 3:46:10 PM
33 verbose request using bearer token for auth
34 verbose request id 04ab0f6c2378cefe
35 http request PUT https://registry.npmjs.org/project-starter-dan
36 http 403 https://registry.npmjs.org/project-starter-dan
37 verbose headers { 'content-type': 'application/json',
37 verbose headers   'cache-control': 'max-age=300',
37 verbose headers   'content-length': '95',
37 verbose headers   'accept-ranges': 'bytes',
37 verbose headers   date: 'Mon, 25 Jul 2016 03:47:32 GMT',
37 verbose headers   via: '1.1 varnish',
37 verbose headers   connection: 'keep-alive',
37 verbose headers   'x-served-by': 'cache-wlg7320-WLG',
37 verbose headers   'x-cache': 'MISS',
37 verbose headers   'x-cache-hits': '0',
37 verbose headers   'x-timer': 'S1469418451.909838,VS0,VE982',
37 verbose headers   vary: 'Accept-Encoding' }
38 verbose request invalidating /home/dan/.npm/registry.npmjs.org/project-starter-dan on PUT
39 error publish Failed PUT 403
40 verbose stack Error: "You cannot publish over the previously published version 1.4.4." : project-starter-dan
40 verbose stack     at makeError (/home/dan/.nvm/versions/node/v6.2.1/lib/node_modules/npm/node_modules/npm-registry-client/lib/request.js:264:12)
40 verbose stack     at CachingRegistryClient.<anonymous> (/home/dan/.nvm/versions/node/v6.2.1/lib/node_modules/npm/node_modules/npm-registry-client/lib/request.js:252:14)
40 verbose stack     at Request._callback (/home/dan/.nvm/versions/node/v6.2.1/lib/node_modules/npm/node_modules/npm-registry-client/lib/request.js:172:14)
40 verbose stack     at Request.self.callback (/home/dan/.nvm/versions/node/v6.2.1/lib/node_modules/npm/node_modules/request/request.js:200:22)
40 verbose stack     at emitTwo (events.js:106:13)
40 verbose stack     at Request.emit (events.js:191:7)
40 verbose stack     at Request.<anonymous> (/home/dan/.nvm/versions/node/v6.2.1/lib/node_modules/npm/node_modules/request/request.js:1067:10)
40 verbose stack     at emitOne (events.js:101:20)
40 verbose stack     at Request.emit (events.js:188:7)
40 verbose stack     at IncomingMessage.<anonymous> (/home/dan/.nvm/versions/node/v6.2.1/lib/node_modules/npm/node_modules/request/request.js:988:12)
41 verbose statusCode 403
42 verbose pkgid project-starter-dan
43 verbose cwd /home/dan/Desktop/EDA/project-starter-dan
44 error Linux 4.6.4-1-ARCH
45 error argv "/home/dan/.nvm/versions/node/v6.2.1/bin/node" "/home/dan/.nvm/versions/node/v6.2.1/bin/npm" "publish"
46 error node v6.2.1
47 error npm  v3.9.3
48 error code E403
49 error "You cannot publish over the previously published version 1.4.4." : project-starter-dan
50 error If you need help, you may report this error at:
50 error     <https://github.com/npm/npm/issues>
51 verbose exit [ 1, true ]
